<?xml version="1.0" encoding="UTF-8"?>
<testsuite name="tests.TestAPI" tests="1" skipped="0" failures="0" errors="0" timestamp="2019-03-06T21:55:10" hostname="victorijnr" time="0.001">
  <properties/>
  <testcase name="alwaysTrue" classname="tests.TestAPI" time="0.001"/>
  <system-out><![CDATA[]]></system-out>
  <system-err><![CDATA[]]></system-err>
</testsuite>
